
> resume-matcher-ui@1.2.0 dev
> next dev --turbopack

▲ Next.js 16.2.6 (Turbopack)
- Local:         http://localhost:3000
- Network:       http://100.66.131.50:3000
✓ Ready in 11.1s
Attention: Next.js now collects completely anonymous telemetry regarding usage.
This information is used to shape Next.js' roadmap and prioritize features.
You can learn more, including how to opt-out if you'd not like to participate in this anonymous program, by visiting the following URL:
https://nextjs.org/telemetry

- Experiments (use with caution):
  · optimizePackageImports
  · proxyTimeout: 240000

○ Compiling / ...
 GET / 200 in 15.3s (next.js: 15.0s, application-code: 286ms)
 GET / 200 in 555ms (next.js: 38ms, application-code: 517ms)
 GET /dashboard 200 in 1807ms (next.js: 1733ms, application-code: 75ms)
○ Compiling /resumes/[id] ...
 GET /resumes/057cdc8b-e040-44ad-96f8-ff7630678001 200 in 11.0s (next.js: 10.9s, application-code: 110ms)
 GET /dashboard 200 in 50ms (next.js: 10ms, application-code: 40ms)
 GET /resumes/057cdc8b-e040-44ad-96f8-ff7630678001 200 in 63ms (next.js: 19ms, application-code: 44ms)
 GET /dashboard 200 in 40ms (next.js: 7ms, application-code: 34ms)
[browser] Failed to load resume: Error: Failed to load resume (status 404).
    at fetchResume (file://D:/VS code project/Resume-Matcher/apps/frontend/.next/dev/static/chunks/_0u58p.3._.js:1266:15)
    at async ResumeViewerPage.useEffect.loadResume (file://D:/VS code project/Resume-Matcher/apps/frontend/.next/dev/static/chunks/_0ihbcf3._.js:9559:38) (file://D:/VS code project/Resume-Matcher/apps/frontend/.next/dev/static/chunks/_0ihbcf3._.js:9585:33)
[browser] Failed to load resume: Error: Failed to load resume (status 404).
    at fetchResume (file://D:/VS code project/Resume-Matcher/apps/frontend/.next/dev/static/chunks/_0u58p.3._.js:1266:15)
    at async ResumeViewerPage.useEffect.loadResume (file://D:/VS code project/Resume-Matcher/apps/frontend/.next/dev/static/chunks/_0ihbcf3._.js:9559:38) (file://D:/VS code project/Resume-Matcher/apps/frontend/.next/dev/static/chunks/_0ihbcf3._.js:9585:33)
[browser] Failed to load resume: Error: Failed to load resume (status 404).
    at fetchResume (file://D:/VS code project/Resume-Matcher/apps/frontend/.next/dev/static/chunks/_0u58p.3._.js:1266:15)
    at async ResumeViewerPage.useEffect.loadResume (file://D:/VS code project/Resume-Matcher/apps/frontend/.next/dev/static/chunks/_0ihbcf3._.js:9559:38) (file://D:/VS code project/Resume-Matcher/apps/frontend/.next/dev/static/chunks/_0ihbcf3._.js:9585:33)
[browser] Failed to load resume: Error: Failed to load resume (status 404).
    at fetchResume (file://D:/VS code project/Resume-Matcher/apps/frontend/.next/dev/static/chunks/_0u58p.3._.js:1266:15)
    at async ResumeViewerPage.useEffect.loadResume (file://D:/VS code project/Resume-Matcher/apps/frontend/.next/dev/static/chunks/_0ihbcf3._.js:9559:38) (file://D:/VS code project/Resume-Matcher/apps/frontend/.next/dev/static/chunks/_0ihbcf3._.js:9585:33)
 GET /dashboard 200 in 47ms (next.js: 8ms, application-code: 38ms)
 GET /tracker 200 in 1242ms (next.js: 1192ms, application-code: 51ms)
 GET /dashboard 200 in 40ms (next.js: 5ms, application-code: 35ms)
Debugger listening on ws://127.0.0.1:9229/98a5bd43-42f9-47f9-bf2c-78ea2e1abd7c
For help, see: https://nodejs.org/learn/getting-started/debugging
 GET /settings 200 in 1048ms (next.js: 966ms, application-code: 83ms)
 GET /settings 200 in 43ms (next.js: 8ms, application-code: 36ms)
 GET /dashboard 200 in 80ms (next.js: 29ms, application-code: 51ms)
 GET /resumes/69aebd64-6eb3-469a-b2c8-94db12a277e2 200 in 115ms (next.js: 40ms, application-code: 75ms)
 GET /tracker 200 in 73ms (next.js: 30ms, application-code: 43ms)
[browser] Failed to load resume: Error: Failed to load resume (status 404).
    at fetchResume (file://D:/VS code project/Resume-Matcher/apps/frontend/.next/dev/static/chunks/_0u58p.3._.js:1266:15)
    at async ResumeViewerPage.useEffect.loadResume (file://D:/VS code project/Resume-Matcher/apps/frontend/.next/dev/static/chunks/_0ihbcf3._.js:9559:38) (file://D:/VS code project/Resume-Matcher/apps/frontend/.next/dev/static/chunks/_0ihbcf3._.js:9585:33)
[browser] Failed to load resume: Error: Failed to load resume (status 404).
    at fetchResume (file://D:/VS code project/Resume-Matcher/apps/frontend/.next/dev/static/chunks/_0u58p.3._.js:1266:15)
    at async ResumeViewerPage.useEffect.loadResume (file://D:/VS code project/Resume-Matcher/apps/frontend/.next/dev/static/chunks/_0ihbcf3._.js:9559:38) (file://D:/VS code project/Resume-Matcher/apps/frontend/.next/dev/static/chunks/_0ihbcf3._.js:9585:33)
 GET /dashboard 200 in 68ms (next.js: 14ms, application-code: 54ms)
 GET /resumes/69aebd64-6eb3-469a-b2c8-94db12a277e2 200 in 45ms (next.js: 15ms, application-code: 30ms)
 GET /dashboard 200 in 49ms (next.js: 9ms, application-code: 40ms)
 GET / 200 in 299ms (next.js: 110ms, application-code: 189ms)
 GET /dashboard 200 in 144ms (next.js: 32ms, application-code: 112ms)
 GET /resumes/69aebd64-6eb3-469a-b2c8-94db12a277e2 200 in 65ms (next.js: 22ms, application-code: 43ms)
 GET / 200 in 1526ms (next.js: 404ms, application-code: 1122ms)
 GET /dashboard 200 in 415ms (next.js: 204ms, application-code: 212ms)
 GET /resumes/69aebd64-6eb3-469a-b2c8-94db12a277e2 200 in 131ms (next.js: 51ms, application-code: 81ms)
